02082023 01:08:14 PM: INFO: ====== WebDriver manager ======
02082023 01:08:14 PM: INFO: Get LATEST chromedriver version for google-chrome 109.0.5414
02082023 01:08:15 PM: INFO: Driver [C:\Users\Admin\.wdm\drivers\chromedriver\win32\109.0.5414\chromedriver.exe] found in cache
02082023 01:14:35 PM: INFO: ====== WebDriver manager ======
02082023 01:14:36 PM: INFO: Get LATEST chromedriver version for google-chrome 109.0.5414
02082023 01:14:37 PM: INFO: Driver [C:\Users\Admin\.wdm\drivers\chromedriver\win32\109.0.5414\chromedriver.exe] found in cache
02082023 01:24:21 PM: INFO: ====== WebDriver manager ======
02082023 01:24:22 PM: INFO: Get LATEST chromedriver version for google-chrome 109.0.5414
02082023 01:24:22 PM: INFO: Driver [C:\Users\Admin\.wdm\drivers\chromedriver\win32\109.0.5414\chromedriver.exe] found in cache
02082023 01:25:54 PM: INFO: ====== WebDriver manager ======
02082023 01:25:55 PM: INFO: Get LATEST chromedriver version for google-chrome 109.0.5414
02082023 01:25:55 PM: INFO: Driver [C:\Users\Admin\.wdm\drivers\chromedriver\win32\109.0.5414\chromedriver.exe] found in cache
02082023 01:59:58 PM: INFO: ====== WebDriver manager ======
02082023 01:59:59 PM: INFO: Get LATEST chromedriver version for google-chrome 109.0.5414
02082023 02:00:00 PM: INFO: Driver [C:\Users\Admin\.wdm\drivers\chromedriver\win32\109.0.5414\chromedriver.exe] found in cache
02082023 02:02:15 PM: INFO: ====== WebDriver manager ======
02082023 02:02:16 PM: INFO: Get LATEST chromedriver version for google-chrome 109.0.5414
02082023 02:02:16 PM: INFO: Driver [C:\Users\Admin\.wdm\drivers\chromedriver\win32\109.0.5414\chromedriver.exe] found in cache
02082023 02:07:15 PM: INFO: ====== WebDriver manager ======
02082023 02:07:15 PM: INFO: Get LATEST chromedriver version for google-chrome 109.0.5414
02082023 02:07:16 PM: INFO: Driver [C:\Users\Admin\.wdm\drivers\chromedriver\win32\109.0.5414\chromedriver.exe] found in cache
02082023 02:40:15 PM: INFO: ====== WebDriver manager ======
02082023 02:40:16 PM: INFO: Get LATEST chromedriver version for google-chrome 109.0.5414
02082023 02:40:17 PM: INFO: Driver [C:\Users\Admin\.wdm\drivers\chromedriver\win32\109.0.5414\chromedriver.exe] found in cache
02082023 02:43:23 PM: INFO: ====== WebDriver manager ======
02082023 02:43:23 PM: INFO: Get LATEST chromedriver version for google-chrome 109.0.5414
02082023 02:43:24 PM: INFO: Driver [C:\Users\Admin\.wdm\drivers\chromedriver\win32\109.0.5414\chromedriver.exe] found in cache
02082023 02:46:47 PM: INFO: ====== WebDriver manager ======
02082023 02:46:47 PM: INFO: Get LATEST chromedriver version for google-chrome 109.0.5414
02082023 02:46:48 PM: INFO: Driver [C:\Users\Admin\.wdm\drivers\chromedriver\win32\109.0.5414\chromedriver.exe] found in cache
02082023 02:47:52 PM: INFO: ====== WebDriver manager ======
02082023 02:47:53 PM: INFO: Get LATEST chromedriver version for google-chrome 109.0.5414
02082023 02:47:53 PM: INFO: Driver [C:\Users\Admin\.wdm\drivers\chromedriver\win32\109.0.5414\chromedriver.exe] found in cache
02082023 02:51:21 PM: INFO: ====== WebDriver manager ======
02082023 02:51:22 PM: INFO: Get LATEST chromedriver version for google-chrome 109.0.5414
02082023 02:51:23 PM: INFO: Driver [C:\Users\Admin\.wdm\drivers\chromedriver\win32\109.0.5414\chromedriver.exe] found in cache
02082023 03:14:16 PM: INFO: ====== WebDriver manager ======
02082023 03:14:17 PM: INFO: Get LATEST chromedriver version for google-chrome 109.0.5414
02082023 03:14:18 PM: INFO: Driver [C:\Users\Admin\.wdm\drivers\chromedriver\win32\109.0.5414\chromedriver.exe] found in cache
02082023 03:15:56 PM: INFO: ====== WebDriver manager ======
02082023 03:15:56 PM: INFO: Get LATEST chromedriver version for google-chrome 109.0.5414
02082023 03:15:57 PM: INFO: Driver [C:\Users\Admin\.wdm\drivers\chromedriver\win32\109.0.5414\chromedriver.exe] found in cache
02082023 03:18:27 PM: INFO: ====== WebDriver manager ======
02082023 03:18:27 PM: INFO: Get LATEST chromedriver version for google-chrome 109.0.5414
02082023 03:18:28 PM: INFO: Driver [C:\Users\Admin\.wdm\drivers\chromedriver\win32\109.0.5414\chromedriver.exe] found in cache
02082023 03:20:26 PM: INFO: ====== WebDriver manager ======
02082023 03:20:27 PM: INFO: Get LATEST chromedriver version for google-chrome 109.0.5414
02082023 03:20:27 PM: INFO: Driver [C:\Users\Admin\.wdm\drivers\chromedriver\win32\109.0.5414\chromedriver.exe] found in cache
02082023 03:24:34 PM: INFO: ====== WebDriver manager ======
02082023 03:24:37 PM: INFO: Get LATEST chromedriver version for google-chrome 109.0.5414
02082023 03:24:41 PM: INFO: Driver [C:\Users\Admin\.wdm\drivers\chromedriver\win32\109.0.5414\chromedriver.exe] found in cache
02082023 03:25:35 PM: INFO: ***** USHJA Home page title test is passed *********
02082023 03:27:27 PM: INFO: ====== WebDriver manager ======
02082023 03:27:30 PM: INFO: Get LATEST chromedriver version for google-chrome 109.0.5414
02082023 03:27:34 PM: INFO: Driver [C:\Users\Admin\.wdm\drivers\chromedriver\win32\109.0.5414\chromedriver.exe] found in cache
02082023 05:16:12 PM: INFO: ====== WebDriver manager ======
02082023 05:16:13 PM: INFO: Get LATEST chromedriver version for google-chrome 109.0.5414
02082023 05:16:14 PM: INFO: Driver [C:\Users\Admin\.wdm\drivers\chromedriver\win32\109.0.5414\chromedriver.exe] found in cache
02082023 05:16:22 PM: INFO: Verifying Login Page
02082023 05:16:22 PM: INFO: ***** USHJA Home page title test is passed *********
02082023 05:37:43 PM: INFO: ====== WebDriver manager ======
02082023 05:37:44 PM: INFO: Get LATEST chromedriver version for google-chrome 109.0.5414
02082023 05:37:45 PM: INFO: Driver [C:\Users\Admin\.wdm\drivers\chromedriver\win32\109.0.5414\chromedriver.exe] found in cache
02082023 05:41:27 PM: INFO: ====== WebDriver manager ======
02082023 05:41:28 PM: INFO: Get LATEST chromedriver version for google-chrome 109.0.5414
02082023 05:41:29 PM: INFO: Driver [C:\Users\Admin\.wdm\drivers\chromedriver\win32\109.0.5414\chromedriver.exe] found in cache
02082023 05:45:01 PM: INFO: ====== WebDriver manager ======
02082023 05:45:02 PM: INFO: Get LATEST chromedriver version for google-chrome 109.0.5414
02082023 05:45:02 PM: INFO: Driver [C:\Users\Admin\.wdm\drivers\chromedriver\win32\109.0.5414\chromedriver.exe] found in cache
02082023 05:57:59 PM: INFO: ====== WebDriver manager ======
02082023 05:58:00 PM: INFO: Get LATEST chromedriver version for google-chrome 109.0.5414
02082023 05:58:01 PM: INFO: Driver [C:\Users\Admin\.wdm\drivers\chromedriver\win32\109.0.5414\chromedriver.exe] found in cache
02082023 05:58:51 PM: INFO: ====== WebDriver manager ======
02082023 05:58:51 PM: INFO: Get LATEST chromedriver version for google-chrome 109.0.5414
02082023 05:58:52 PM: INFO: Driver [C:\Users\Admin\.wdm\drivers\chromedriver\win32\109.0.5414\chromedriver.exe] found in cache
02082023 06:01:15 PM: INFO: ====== WebDriver manager ======
02082023 06:01:16 PM: INFO: Get LATEST chromedriver version for google-chrome 109.0.5414
02082023 06:01:17 PM: INFO: Driver [C:\Users\Admin\.wdm\drivers\chromedriver\win32\109.0.5414\chromedriver.exe] found in cache
02082023 06:02:37 PM: INFO: ====== WebDriver manager ======
02082023 06:02:40 PM: INFO: Get LATEST chromedriver version for google-chrome 109.0.5414
02082023 06:02:41 PM: INFO: Driver [C:\Users\Admin\.wdm\drivers\chromedriver\win32\109.0.5414\chromedriver.exe] found in cache
02082023 06:19:40 PM: INFO: ====== WebDriver manager ======
02082023 06:19:41 PM: INFO: Get LATEST chromedriver version for google-chrome 109.0.5414
02082023 06:19:42 PM: INFO: Driver [C:\Users\Admin\.wdm\drivers\chromedriver\win32\109.0.5414\chromedriver.exe] found in cache
02082023 06:21:11 PM: INFO: ====== WebDriver manager ======
02082023 06:21:12 PM: INFO: Get LATEST chromedriver version for google-chrome 109.0.5414
02082023 06:21:12 PM: INFO: Driver [C:\Users\Admin\.wdm\drivers\chromedriver\win32\109.0.5414\chromedriver.exe] found in cache
02082023 06:25:07 PM: INFO: ====== WebDriver manager ======
02082023 06:25:07 PM: INFO: Get LATEST chromedriver version for google-chrome 109.0.5414
02082023 06:25:08 PM: INFO: Driver [C:\Users\Admin\.wdm\drivers\chromedriver\win32\109.0.5414\chromedriver.exe] found in cache
02082023 06:27:58 PM: INFO: ====== WebDriver manager ======
02082023 06:27:58 PM: INFO: Get LATEST chromedriver version for google-chrome 109.0.5414
02082023 06:27:59 PM: INFO: Driver [C:\Users\Admin\.wdm\drivers\chromedriver\win32\109.0.5414\chromedriver.exe] found in cache
02082023 06:29:35 PM: INFO: ====== WebDriver manager ======
02082023 06:29:35 PM: INFO: Get LATEST chromedriver version for google-chrome 109.0.5414
02082023 06:29:36 PM: INFO: Driver [C:\Users\Admin\.wdm\drivers\chromedriver\win32\109.0.5414\chromedriver.exe] found in cache
02082023 06:34:02 PM: INFO: ====== WebDriver manager ======
02082023 06:34:02 PM: INFO: Get LATEST chromedriver version for google-chrome 109.0.5414
02082023 06:34:03 PM: INFO: Driver [C:\Users\Admin\.wdm\drivers\chromedriver\win32\109.0.5414\chromedriver.exe] found in cache
02082023 06:38:25 PM: INFO: ====== WebDriver manager ======
02082023 06:38:26 PM: INFO: Get LATEST chromedriver version for google-chrome 109.0.5414
02082023 06:38:27 PM: INFO: Driver [C:\Users\Admin\.wdm\drivers\chromedriver\win32\109.0.5414\chromedriver.exe] found in cache
02082023 06:39:22 PM: INFO: ====== WebDriver manager ======
02082023 06:39:22 PM: INFO: Get LATEST chromedriver version for google-chrome 109.0.5414
02082023 06:39:23 PM: INFO: Driver [C:\Users\Admin\.wdm\drivers\chromedriver\win32\109.0.5414\chromedriver.exe] found in cache
02082023 06:43:27 PM: INFO: ====== WebDriver manager ======
02082023 06:43:30 PM: INFO: Get LATEST chromedriver version for google-chrome 109.0.5414
02082023 06:43:34 PM: INFO: Driver [C:\Users\Admin\.wdm\drivers\chromedriver\win32\109.0.5414\chromedriver.exe] found in cache
02082023 06:45:43 PM: INFO: ====== WebDriver manager ======
02082023 06:45:48 PM: INFO: Get LATEST chromedriver version for google-chrome 109.0.5414
02082023 06:45:52 PM: INFO: Driver [C:\Users\Admin\.wdm\drivers\chromedriver\win32\109.0.5414\chromedriver.exe] found in cache
02082023 06:48:26 PM: INFO: ====== WebDriver manager ======
02082023 06:48:30 PM: INFO: Get LATEST chromedriver version for google-chrome 109.0.5414
02082023 06:48:34 PM: INFO: Driver [C:\Users\Admin\.wdm\drivers\chromedriver\win32\109.0.5414\chromedriver.exe] found in cache
02082023 06:50:02 PM: INFO: ====== WebDriver manager ======
02082023 06:50:03 PM: INFO: Get LATEST chromedriver version for google-chrome 109.0.5414
02082023 06:50:03 PM: INFO: Driver [C:\Users\Admin\.wdm\drivers\chromedriver\win32\109.0.5414\chromedriver.exe] found in cache
02082023 06:50:49 PM: INFO: ====== WebDriver manager ======
02082023 06:50:49 PM: INFO: Get LATEST chromedriver version for google-chrome 109.0.5414
02082023 06:50:50 PM: INFO: Driver [C:\Users\Admin\.wdm\drivers\chromedriver\win32\109.0.5414\chromedriver.exe] found in cache
02082023 06:52:07 PM: INFO: ====== WebDriver manager ======
02082023 06:52:07 PM: INFO: Get LATEST chromedriver version for google-chrome 109.0.5414
02082023 06:52:08 PM: INFO: Driver [C:\Users\Admin\.wdm\drivers\chromedriver\win32\109.0.5414\chromedriver.exe] found in cache
02082023 06:53:28 PM: INFO: ====== WebDriver manager ======
02082023 06:53:28 PM: INFO: Get LATEST chromedriver version for google-chrome 109.0.5414
02082023 06:53:29 PM: INFO: Driver [C:\Users\Admin\.wdm\drivers\chromedriver\win32\109.0.5414\chromedriver.exe] found in cache
02082023 06:54:43 PM: INFO: ====== WebDriver manager ======
02082023 06:54:44 PM: INFO: Get LATEST chromedriver version for google-chrome 109.0.5414
02082023 06:54:45 PM: INFO: Driver [C:\Users\Admin\.wdm\drivers\chromedriver\win32\109.0.5414\chromedriver.exe] found in cache
02082023 06:58:57 PM: INFO: ====== WebDriver manager ======
02082023 06:58:58 PM: INFO: Get LATEST chromedriver version for google-chrome 109.0.5414
02082023 06:59:00 PM: INFO: Driver [C:\Users\Admin\.wdm\drivers\chromedriver\win32\109.0.5414\chromedriver.exe] found in cache
02082023 07:02:15 PM: INFO: ====== WebDriver manager ======
02082023 07:02:16 PM: INFO: Get LATEST chromedriver version for google-chrome 109.0.5414
02082023 07:02:17 PM: INFO: Driver [C:\Users\Admin\.wdm\drivers\chromedriver\win32\109.0.5414\chromedriver.exe] found in cache
02082023 07:06:11 PM: INFO: ====== WebDriver manager ======
02082023 07:06:14 PM: INFO: Get LATEST chromedriver version for google-chrome 109.0.5414
02082023 07:06:18 PM: INFO: Driver [C:\Users\Admin\.wdm\drivers\chromedriver\win32\109.0.5414\chromedriver.exe] found in cache
02082023 07:08:00 PM: INFO: ====== WebDriver manager ======
02082023 07:08:03 PM: INFO: Get LATEST chromedriver version for google-chrome 109.0.5414
02082023 07:08:07 PM: INFO: Driver [C:\Users\Admin\.wdm\drivers\chromedriver\win32\109.0.5414\chromedriver.exe] found in cache
02082023 07:14:14 PM: INFO: ====== WebDriver manager ======
02082023 07:14:17 PM: INFO: Get LATEST chromedriver version for google-chrome 109.0.5414
02082023 07:14:24 PM: INFO: Driver [C:\Users\Admin\.wdm\drivers\chromedriver\win32\109.0.5414\chromedriver.exe] found in cache
02082023 07:17:10 PM: INFO: ====== WebDriver manager ======
02082023 07:17:13 PM: INFO: Get LATEST chromedriver version for google-chrome 109.0.5414
02082023 07:17:20 PM: INFO: Driver [C:\Users\Admin\.wdm\drivers\chromedriver\win32\109.0.5414\chromedriver.exe] found in cache
02082023 07:19:32 PM: INFO: ====== WebDriver manager ======
02082023 07:19:33 PM: INFO: Get LATEST chromedriver version for google-chrome 109.0.5414
02082023 07:19:34 PM: INFO: Driver [C:\Users\Admin\.wdm\drivers\chromedriver\win32\109.0.5414\chromedriver.exe] found in cache
02082023 07:34:36 PM: INFO: ====== WebDriver manager ======
02082023 07:34:36 PM: INFO: Get LATEST chromedriver version for google-chrome 109.0.5414
02082023 07:34:37 PM: INFO: Driver [C:\Users\Admin\.wdm\drivers\chromedriver\win32\109.0.5414\chromedriver.exe] found in cache
02082023 07:35:24 PM: INFO: ====== WebDriver manager ======
02082023 07:35:24 PM: INFO: Get LATEST chromedriver version for google-chrome 109.0.5414
02082023 07:35:25 PM: INFO: Driver [C:\Users\Admin\.wdm\drivers\chromedriver\win32\109.0.5414\chromedriver.exe] found in cache
02082023 07:36:29 PM: INFO: ====== WebDriver manager ======
02082023 07:36:29 PM: INFO: Get LATEST chromedriver version for google-chrome 109.0.5414
02082023 07:36:30 PM: INFO: Driver [C:\Users\Admin\.wdm\drivers\chromedriver\win32\109.0.5414\chromedriver.exe] found in cache
02092023 09:47:23 AM: INFO: ====== WebDriver manager ======
02092023 09:47:24 AM: INFO: Get LATEST chromedriver version for google-chrome 109.0.5414
02092023 09:47:25 AM: INFO: About to download new driver from https://chromedriver.storage.googleapis.com/109.0.5414.74/chromedriver_win32.zip
02092023 09:47:27 AM: INFO: Driver has been saved in cache [C:\Users\Admin\.wdm\drivers\chromedriver\win32\109.0.5414]
02092023 01:49:10 PM: INFO: ====== WebDriver manager ======
02092023 01:49:11 PM: INFO: Get LATEST chromedriver version for google-chrome 109.0.5414
02092023 01:49:11 PM: INFO: Driver [C:\Users\Admin\.wdm\drivers\chromedriver\win32\109.0.5414\chromedriver.exe] found in cache
02092023 01:50:27 PM: INFO: ====== WebDriver manager ======
02092023 01:50:27 PM: INFO: Get LATEST chromedriver version for google-chrome 109.0.5414
02092023 01:50:28 PM: INFO: Driver [C:\Users\Admin\.wdm\drivers\chromedriver\win32\109.0.5414\chromedriver.exe] found in cache
02092023 01:55:02 PM: INFO: ====== WebDriver manager ======
02092023 01:55:03 PM: INFO: Get LATEST chromedriver version for google-chrome 109.0.5414
02092023 01:55:03 PM: INFO: Driver [C:\Users\Admin\.wdm\drivers\chromedriver\win32\109.0.5414\chromedriver.exe] found in cache
02092023 02:08:15 PM: INFO: ====== WebDriver manager ======
02092023 02:08:15 PM: INFO: Get LATEST chromedriver version for google-chrome 109.0.5414
02092023 02:08:16 PM: INFO: Driver [C:\Users\Admin\.wdm\drivers\chromedriver\win32\109.0.5414\chromedriver.exe] found in cache
02092023 02:11:32 PM: INFO: ====== WebDriver manager ======
02092023 02:11:32 PM: INFO: Get LATEST chromedriver version for google-chrome 109.0.5414
02092023 02:11:33 PM: INFO: Driver [C:\Users\Admin\.wdm\drivers\chromedriver\win32\109.0.5414\chromedriver.exe] found in cache
02092023 02:21:53 PM: INFO: ====== WebDriver manager ======
02092023 02:21:54 PM: INFO: Get LATEST chromedriver version for google-chrome 109.0.5414
02092023 02:21:55 PM: INFO: Driver [C:\Users\Admin\.wdm\drivers\chromedriver\win32\109.0.5414\chromedriver.exe] found in cache
02092023 03:06:45 PM: INFO: ====== WebDriver manager ======
02092023 03:06:46 PM: INFO: Get LATEST chromedriver version for google-chrome 109.0.5414
02092023 03:06:46 PM: INFO: Driver [C:\Users\Admin\.wdm\drivers\chromedriver\win32\109.0.5414\chromedriver.exe] found in cache
02092023 03:07:53 PM: INFO: ====== WebDriver manager ======
02092023 03:07:54 PM: INFO: Get LATEST chromedriver version for google-chrome 109.0.5414
02092023 03:07:55 PM: INFO: Driver [C:\Users\Admin\.wdm\drivers\chromedriver\win32\109.0.5414\chromedriver.exe] found in cache
02092023 03:09:48 PM: INFO: ====== WebDriver manager ======
02092023 03:09:48 PM: INFO: Get LATEST chromedriver version for google-chrome 109.0.5414
02092023 03:09:49 PM: INFO: Driver [C:\Users\Admin\.wdm\drivers\chromedriver\win32\109.0.5414\chromedriver.exe] found in cache
02092023 03:14:15 PM: INFO: ====== WebDriver manager ======
02092023 03:14:15 PM: INFO: Get LATEST chromedriver version for google-chrome 109.0.5414
02092023 03:14:16 PM: INFO: Driver [C:\Users\Admin\.wdm\drivers\chromedriver\win32\109.0.5414\chromedriver.exe] found in cache
02092023 03:16:40 PM: INFO: ====== WebDriver manager ======
02092023 03:16:40 PM: INFO: Get LATEST chromedriver version for google-chrome 109.0.5414
02092023 03:16:41 PM: INFO: Driver [C:\Users\Admin\.wdm\drivers\chromedriver\win32\109.0.5414\chromedriver.exe] found in cache
02092023 03:42:54 PM: INFO: ====== WebDriver manager ======
02092023 03:42:57 PM: INFO: Get LATEST chromedriver version for google-chrome 109.0.5414
02092023 03:43:01 PM: INFO: Driver [C:\Users\Admin\.wdm\drivers\chromedriver\win32\109.0.5414\chromedriver.exe] found in cache
02092023 03:48:09 PM: INFO: ====== WebDriver manager ======
02092023 03:48:10 PM: INFO: Get LATEST chromedriver version for google-chrome 109.0.5414
02092023 03:48:10 PM: INFO: Driver [C:\Users\Admin\.wdm\drivers\chromedriver\win32\109.0.5414\chromedriver.exe] found in cache
02092023 03:53:12 PM: INFO: ====== WebDriver manager ======
02092023 03:53:13 PM: INFO: Get LATEST chromedriver version for google-chrome 109.0.5414
02092023 03:53:13 PM: INFO: Driver [C:\Users\Admin\.wdm\drivers\chromedriver\win32\109.0.5414\chromedriver.exe] found in cache
02092023 03:55:03 PM: INFO: ====== WebDriver manager ======
02092023 03:55:04 PM: INFO: Get LATEST chromedriver version for google-chrome 109.0.5414
02092023 03:55:04 PM: INFO: Driver [C:\Users\Admin\.wdm\drivers\chromedriver\win32\109.0.5414\chromedriver.exe] found in cache
02092023 04:08:21 PM: INFO: ====== WebDriver manager ======
02092023 04:08:21 PM: INFO: Get LATEST chromedriver version for google-chrome 109.0.5414
02092023 04:08:22 PM: INFO: Driver [C:\Users\Admin\.wdm\drivers\chromedriver\win32\109.0.5414\chromedriver.exe] found in cache
02092023 04:11:24 PM: INFO: ====== WebDriver manager ======
02092023 04:11:27 PM: INFO: Get LATEST chromedriver version for google-chrome 109.0.5414
02092023 04:11:33 PM: INFO: Driver [C:\Users\Admin\.wdm\drivers\chromedriver\win32\109.0.5414\chromedriver.exe] found in cache
02092023 04:21:18 PM: INFO: ====== WebDriver manager ======
02092023 04:21:21 PM: INFO: Get LATEST chromedriver version for google-chrome 109.0.5414
02092023 04:21:26 PM: INFO: Driver [C:\Users\Admin\.wdm\drivers\chromedriver\win32\109.0.5414\chromedriver.exe] found in cache
02092023 04:22:33 PM: INFO: Verifying Login Page
02092023 04:22:33 PM: INFO: ***** USHJA Home page title test is passed *********
02092023 05:55:20 PM: INFO: ====== WebDriver manager ======
02092023 05:55:21 PM: INFO: Get LATEST chromedriver version for google-chrome 109.0.5414
02092023 05:55:21 PM: INFO: Driver [C:\Users\Admin\.wdm\drivers\chromedriver\win32\109.0.5414\chromedriver.exe] found in cache
02092023 06:00:18 PM: INFO: ====== WebDriver manager ======
02092023 06:00:18 PM: INFO: Get LATEST chromedriver version for google-chrome 109.0.5414
02092023 06:00:19 PM: INFO: Driver [C:\Users\Admin\.wdm\drivers\chromedriver\win32\109.0.5414\chromedriver.exe] found in cache
02092023 06:02:41 PM: INFO: ====== WebDriver manager ======
02092023 06:02:42 PM: INFO: Get LATEST chromedriver version for google-chrome 109.0.5414
02092023 06:02:42 PM: INFO: Driver [C:\Users\Admin\.wdm\drivers\chromedriver\win32\109.0.5414\chromedriver.exe] found in cache
02092023 06:12:32 PM: INFO: ====== WebDriver manager ======
02092023 06:12:32 PM: INFO: Get LATEST chromedriver version for google-chrome 109.0.5414
02092023 06:12:33 PM: INFO: Driver [C:\Users\Admin\.wdm\drivers\chromedriver\win32\109.0.5414\chromedriver.exe] found in cache
02102023 04:24:34 PM: INFO: ====== WebDriver manager ======
02102023 04:24:34 PM: INFO: Get LATEST chromedriver version for google-chrome 109.0.5414
02102023 04:24:35 PM: INFO: About to download new driver from https://chromedriver.storage.googleapis.com/109.0.5414.74/chromedriver_win32.zip
02102023 04:24:39 PM: INFO: Driver has been saved in cache [C:\Users\Admin\.wdm\drivers\chromedriver\win32\109.0.5414]
02102023 04:29:14 PM: INFO: ====== WebDriver manager ======
02102023 04:29:14 PM: INFO: Get LATEST chromedriver version for google-chrome 109.0.5414
02102023 04:29:15 PM: INFO: Driver [C:\Users\Admin\.wdm\drivers\chromedriver\win32\109.0.5414\chromedriver.exe] found in cache
02102023 04:49:43 PM: INFO: ====== WebDriver manager ======
02102023 04:49:43 PM: INFO: Get LATEST chromedriver version for google-chrome 109.0.5414
02102023 04:49:45 PM: INFO: Driver [C:\Users\Admin\.wdm\drivers\chromedriver\win32\109.0.5414\chromedriver.exe] found in cache
02102023 05:10:53 PM: INFO: ====== WebDriver manager ======
02102023 05:10:53 PM: INFO: Get LATEST chromedriver version for google-chrome 109.0.5414
02102023 05:10:54 PM: INFO: Driver [C:\Users\Admin\.wdm\drivers\chromedriver\win32\109.0.5414\chromedriver.exe] found in cache
02102023 05:27:52 PM: INFO: ====== WebDriver manager ======
02102023 05:27:53 PM: INFO: Get LATEST chromedriver version for google-chrome 109.0.5414
02102023 05:27:54 PM: INFO: Driver [C:\Users\Admin\.wdm\drivers\chromedriver\win32\109.0.5414\chromedriver.exe] found in cache
02102023 05:28:16 PM: INFO: ====== WebDriver manager ======
02102023 05:28:17 PM: INFO: Get LATEST chromedriver version for google-chrome 109.0.5414
02102023 05:28:18 PM: INFO: Driver [C:\Users\Admin\.wdm\drivers\chromedriver\win32\109.0.5414\chromedriver.exe] found in cache
02102023 05:28:27 PM: INFO: Verifying Login Page
02102023 05:28:27 PM: INFO: ***** USHJA Home page title test is passed *********
02102023 05:30:23 PM: INFO: Business Membership successfully registered.
02102023 05:39:53 PM: INFO: ====== WebDriver manager ======
02102023 05:39:53 PM: INFO: Get LATEST chromedriver version for google-chrome 109.0.5414
02102023 05:39:54 PM: INFO: Driver [C:\Users\Admin\.wdm\drivers\chromedriver\win32\109.0.5414\chromedriver.exe] found in cache
02102023 05:40:02 PM: INFO: Verifying Login Page
02102023 05:40:02 PM: INFO: ***** USHJA Home page title test is passed *********
02102023 05:41:57 PM: INFO: Business Membership successfully registered.
02102023 06:01:48 PM: INFO: ====== WebDriver manager ======
02102023 06:01:49 PM: INFO: Get LATEST chromedriver version for google-chrome 109.0.5414
02102023 06:01:49 PM: INFO: Driver [C:\Users\Admin\.wdm\drivers\chromedriver\win32\109.0.5414\chromedriver.exe] found in cache
02102023 06:10:10 PM: INFO: ====== WebDriver manager ======
02102023 06:10:11 PM: INFO: Get LATEST chromedriver version for google-chrome 109.0.5414
02102023 06:10:11 PM: INFO: Driver [C:\Users\Admin\.wdm\drivers\chromedriver\win32\109.0.5414\chromedriver.exe] found in cache
02132023 03:56:58 PM: INFO: ====== WebDriver manager ======
02132023 03:56:58 PM: INFO: Get LATEST chromedriver version for google-chrome 109.0.5414
02132023 03:56:59 PM: INFO: About to download new driver from https://chromedriver.storage.googleapis.com/109.0.5414.74/chromedriver_win32.zip
02132023 03:57:02 PM: INFO: Driver has been saved in cache [C:\Users\Admin\.wdm\drivers\chromedriver\win32\109.0.5414]
02132023 03:57:13 PM: INFO: Verifying Login Page
02132023 03:57:13 PM: INFO: ***** USHJA Home page title test is passed *********
02132023 04:05:41 PM: INFO: ====== WebDriver manager ======
02132023 04:05:41 PM: INFO: Get LATEST chromedriver version for google-chrome 109.0.5414
02132023 04:05:42 PM: INFO: Driver [C:\Users\Admin\.wdm\drivers\chromedriver\win32\109.0.5414\chromedriver.exe] found in cache
02132023 04:05:53 PM: INFO: Verifying Login Page
02132023 04:05:53 PM: INFO: ***** USHJA Home page title test is passed *********
02132023 04:13:01 PM: INFO: ====== WebDriver manager ======
02132023 04:13:01 PM: INFO: Get LATEST chromedriver version for google-chrome 109.0.5414
02132023 04:13:02 PM: INFO: Driver [C:\Users\Admin\.wdm\drivers\chromedriver\win32\109.0.5414\chromedriver.exe] found in cache
02132023 04:13:12 PM: INFO: Verifying Login Page
02132023 04:13:12 PM: INFO: ***** USHJA Home page title test is passed *********
02132023 04:34:18 PM: INFO: ====== WebDriver manager ======
02132023 04:34:18 PM: INFO: Get LATEST chromedriver version for google-chrome 109.0.5414
02132023 04:34:19 PM: INFO: Driver [C:\Users\Admin\.wdm\drivers\chromedriver\win32\109.0.5414\chromedriver.exe] found in cache
02132023 04:34:37 PM: INFO: Verifying Login Page
02132023 04:34:37 PM: INFO: ***** USHJA Home page title test is passed *********
02132023 04:39:42 PM: INFO: Verifying Login Page
02132023 04:39:42 PM: INFO: ***** USHJA Home page title test is passed *********
02132023 04:54:34 PM: INFO: ====== WebDriver manager ======
02132023 04:54:35 PM: INFO: Get LATEST chromedriver version for google-chrome 109.0.5414
02132023 04:54:38 PM: INFO: Driver [C:\Users\Admin\.wdm\drivers\chromedriver\win32\109.0.5414\chromedriver.exe] found in cache
02132023 04:55:39 PM: INFO: Verifying Login Page
02132023 04:55:39 PM: INFO: ***** USHJA Home page title test is passed *********
02132023 05:14:44 PM: INFO: ====== WebDriver manager ======
02132023 05:14:51 PM: INFO: Get LATEST chromedriver version for google-chrome 109.0.5414
02132023 05:15:00 PM: INFO: Driver [C:\Users\Admin\.wdm\drivers\chromedriver\win32\109.0.5414\chromedriver.exe] found in cache
02132023 05:27:37 PM: INFO: Verifying Login Page
02132023 05:27:37 PM: INFO: ***** USHJA Home page title test is passed *********
02132023 05:34:28 PM: INFO: ====== WebDriver manager ======
02132023 05:34:29 PM: INFO: Get LATEST chromedriver version for google-chrome 109.0.5414
02132023 05:34:31 PM: INFO: Driver [C:\Users\Admin\.wdm\drivers\chromedriver\win32\109.0.5414\chromedriver.exe] found in cache
02132023 05:35:01 PM: INFO: Verifying Login Page
02132023 05:35:01 PM: INFO: ***** USHJA Home page title test is passed *********
02132023 06:03:22 PM: INFO: ====== WebDriver manager ======
02132023 06:03:23 PM: INFO: Get LATEST chromedriver version for google-chrome 109.0.5414
02132023 06:03:24 PM: INFO: Driver [C:\Users\Admin\.wdm\drivers\chromedriver\win32\109.0.5414\chromedriver.exe] found in cache
02132023 06:03:34 PM: INFO: Verifying Login Page
02132023 06:03:34 PM: INFO: ***** USHJA Home page title test is passed *********
02132023 06:15:51 PM: INFO: ====== WebDriver manager ======
02132023 06:15:51 PM: INFO: Get LATEST chromedriver version for google-chrome 109.0.5414
02132023 06:15:52 PM: INFO: Driver [C:\Users\Admin\.wdm\drivers\chromedriver\win32\109.0.5414\chromedriver.exe] found in cache
02132023 06:16:07 PM: INFO: Verifying Login Page
02132023 06:16:07 PM: INFO: ***** USHJA Home page title test is passed *********
02132023 06:23:29 PM: INFO: ====== WebDriver manager ======
02132023 06:23:30 PM: INFO: Get LATEST chromedriver version for google-chrome 109.0.5414
02132023 06:23:31 PM: INFO: Driver [C:\Users\Admin\.wdm\drivers\chromedriver\win32\109.0.5414\chromedriver.exe] found in cache
02132023 06:23:41 PM: INFO: Verifying Login Page
02132023 06:23:41 PM: INFO: ***** USHJA Home page title test is passed *********
02132023 06:33:07 PM: INFO: ====== WebDriver manager ======
02132023 06:33:08 PM: INFO: Get LATEST chromedriver version for google-chrome 109.0.5414
02132023 06:33:08 PM: INFO: Driver [C:\Users\Admin\.wdm\drivers\chromedriver\win32\109.0.5414\chromedriver.exe] found in cache
02132023 06:33:24 PM: INFO: Verifying Login Page
02132023 06:33:24 PM: INFO: ***** USHJA Home page title test is passed *********
02132023 06:55:36 PM: INFO: ====== WebDriver manager ======
02132023 06:55:37 PM: INFO: Get LATEST chromedriver version for google-chrome 109.0.5414
02132023 06:55:38 PM: INFO: Driver [C:\Users\Admin\.wdm\drivers\chromedriver\win32\109.0.5414\chromedriver.exe] found in cache
02132023 06:55:47 PM: INFO: Verifying Login Page
02132023 06:55:47 PM: INFO: ***** USHJA Home page title test is passed *********
02142023 11:21:37 AM: INFO: ====== WebDriver manager ======
02142023 11:21:38 AM: INFO: Get LATEST chromedriver version for google-chrome 109.0.5414
02142023 11:21:38 AM: INFO: About to download new driver from https://chromedriver.storage.googleapis.com/109.0.5414.74/chromedriver_win32.zip
02142023 11:21:41 AM: INFO: Driver has been saved in cache [C:\Users\Admin\.wdm\drivers\chromedriver\win32\109.0.5414]
02142023 11:21:52 AM: INFO: Verifying Login Page
02142023 11:21:52 AM: INFO: ***** USHJA Home page title test is passed *********
02142023 12:44:43 PM: INFO: ====== WebDriver manager ======
02142023 12:44:43 PM: INFO: Get LATEST chromedriver version for google-chrome 109.0.5414
02142023 12:44:44 PM: INFO: Driver [C:\Users\Admin\.wdm\drivers\chromedriver\win32\109.0.5414\chromedriver.exe] found in cache
02142023 12:44:55 PM: INFO: Verifying Login Page
02142023 12:44:55 PM: INFO: ***** USHJA Home page title test is passed *********
02152023 11:42:29 AM: INFO: ====== WebDriver manager ======
02152023 11:42:30 AM: INFO: Get LATEST chromedriver version for google-chrome 109.0.5414
02152023 11:42:30 AM: INFO: About to download new driver from https://chromedriver.storage.googleapis.com/109.0.5414.74/chromedriver_win32.zip
02152023 11:42:34 AM: INFO: Driver has been saved in cache [C:\Users\Admin\.wdm\drivers\chromedriver\win32\109.0.5414]
02152023 11:42:51 AM: INFO: Verifying Login Page
02152023 11:42:51 AM: INFO: ***** USHJA Home page title test is passed *********
02152023 11:47:15 AM: INFO: ====== WebDriver manager ======
02152023 11:47:15 AM: INFO: Get LATEST chromedriver version for google-chrome 109.0.5414
02152023 11:47:16 AM: INFO: Driver [C:\Users\Admin\.wdm\drivers\chromedriver\win32\109.0.5414\chromedriver.exe] found in cache
02152023 11:47:26 AM: INFO: Verifying Login Page
02152023 11:47:26 AM: INFO: ***** USHJA Home page title test is passed *********
02152023 11:49:33 AM: WARNING: Retrying (Retry(total=2, connect=None, read=None, redirect=None, status=None)) after connection broken by 'NewConnectionError('<urllib3.connection.HTTPConnection object at 0x00000273BF1E9610>: Failed to establish a new connection: [WinError 10061] No connection could be made because the target machine actively refused it')': /session/af25f422ebd79f7069dce4eea80d0a5a/url
02152023 11:49:37 AM: WARNING: Retrying (Retry(total=1, connect=None, read=None, redirect=None, status=None)) after connection broken by 'NewConnectionError('<urllib3.connection.HTTPConnection object at 0x00000273BF1E9A50>: Failed to establish a new connection: [WinError 10061] No connection could be made because the target machine actively refused it')': /session/af25f422ebd79f7069dce4eea80d0a5a/url
02152023 11:49:41 AM: WARNING: Retrying (Retry(total=0, connect=None, read=None, redirect=None, status=None)) after connection broken by 'NewConnectionError('<urllib3.connection.HTTPConnection object at 0x00000273BF1E9890>: Failed to establish a new connection: [WinError 10061] No connection could be made because the target machine actively refused it')': /session/af25f422ebd79f7069dce4eea80d0a5a/url
02152023 11:49:47 AM: INFO: ====== WebDriver manager ======
02152023 11:49:47 AM: INFO: Get LATEST chromedriver version for google-chrome 109.0.5414
02152023 11:49:48 AM: INFO: Driver [C:\Users\Admin\.wdm\drivers\chromedriver\win32\109.0.5414\chromedriver.exe] found in cache
02152023 11:50:17 AM: INFO: Verifying Login Page
02152023 11:50:17 AM: INFO: ***** USHJA Home page title test is passed *********
02152023 12:04:12 PM: INFO: ====== WebDriver manager ======
02152023 12:04:12 PM: INFO: Get LATEST chromedriver version for google-chrome 109.0.5414
02152023 12:04:13 PM: INFO: Driver [C:\Users\Admin\.wdm\drivers\chromedriver\win32\109.0.5414\chromedriver.exe] found in cache
02152023 12:04:23 PM: INFO: Verifying Login Page
02152023 12:04:23 PM: INFO: ***** USHJA Home page title test is passed *********
02152023 12:30:41 PM: INFO: ====== WebDriver manager ======
02152023 12:30:41 PM: INFO: Get LATEST chromedriver version for google-chrome 109.0.5414
02152023 12:30:42 PM: INFO: Driver [C:\Users\Admin\.wdm\drivers\chromedriver\win32\109.0.5414\chromedriver.exe] found in cache
02152023 12:30:51 PM: INFO: Verifying Login Page
02152023 12:30:51 PM: INFO: ***** USHJA Home page title test is passed *********
02162023 06:27:23 PM: INFO: ====== WebDriver manager ======
02162023 06:27:24 PM: INFO: Get LATEST chromedriver version for google-chrome 109.0.5414
02162023 06:27:24 PM: INFO: About to download new driver from https://chromedriver.storage.googleapis.com/109.0.5414.74/chromedriver_win32.zip
02162023 06:27:26 PM: INFO: Driver has been saved in cache [C:\Users\Admin\.wdm\drivers\chromedriver\win32\109.0.5414]
02162023 06:27:44 PM: INFO: Verifying Login Page
02162023 06:27:44 PM: INFO: ***** USHJA Home page title test is passed *********
